<?xml version='1.0' encoding='UTF-8'?>
<testsuite hostname="tlu-mn1.linkedin.biz" name="codecs.CodecsSuite" tests="13" errors="0" failures="1" skipped="0" time="0.151" timestamp="2022-12-30T22:41:34">
          <properties>
[...]
</properties>
          <testcase classname="codecs.CodecsSuite" name="it is possible to encode and decode the 'Unit' value (0pts)" time="0.096">
                      
                    </testcase><testcase classname="codecs.CodecsSuite" name="it is possible to encode and decode 'Int' values (1pt)" time="0.007">
                      
                    </testcase><testcase classname="codecs.CodecsSuite" name="the 'Int' decoder should reject invalid 'Int' values (2pts)" time="0.002">
                      
                    </testcase><testcase classname="codecs.CodecsSuite" name="a 'String' value should be encoded as a JSON string (1pt)" time="0.0">
                      
                    </testcase><testcase classname="codecs.CodecsSuite" name="it is possible to encode and decode 'String' values (1pt)" time="0.01">
                      
                    </testcase><testcase classname="codecs.CodecsSuite" name="a 'Boolean' value should be encoded as a JSON boolean (1pt)" time="0.001">
                      
                    </testcase><testcase classname="codecs.CodecsSuite" name="it is possible to encode and decode 'Boolean' values (1pt)" time="0.003">
                      
                    </testcase><testcase classname="codecs.CodecsSuite" name="a 'List[A]' value should be encoded as a JSON array (0pts)" time="0.001">
                      
                    </testcase><testcase classname="codecs.CodecsSuite" name="it is possible to encode and decode lists (5pts)" time="0.018">
                      
                    </testcase><testcase classname="codecs.CodecsSuite" name="a 'Person' value should be encoded as a JSON object (1pt)" time="0.002">
                      
                    </testcase><testcase classname="codecs.CodecsSuite" name="it is possible to encode and decode people (4pts)" time="0.007">
                      
                    </testcase><testcase classname="codecs.CodecsSuite" name="a 'Contacts' value should be encoded as a JSON object (1pt)" time="0.001">
                      
                    </testcase><testcase classname="codecs.CodecsSuite" name="it is possible to encode and decode contacts (4pts)" time="0.003">
                      <failure message="java.lang.AssertionError: Encoded value 'Contacts(List())' was not successfully decoded. Got 'None'." type="sbt.ForkMain$ForkError">sbt.ForkMain$ForkError: java.lang.AssertionError: Encoded value 'Contacts(List())' was not successfully decoded. Got 'None'.
	at codecs.CodecsSuite.fail$1(CodecsSuite.scala:18)
	at codecs.CodecsSuite.checkProperty(CodecsSuite.scala:21)
	at codecs.CodecsSuite.$init$$$anonfun$13(CodecsSuite.scala:96)
	at scala.runtime.java8.JFunction0$mcV$sp.apply(JFunction0$mcV$sp.scala:18)
</failure>
                    </testcase>
          <system-out><![CDATA[]]></system-out>
          <system-err><![CDATA[]]></system-err>
        </testsuite>